<?xml version="1.0" encoding="UTF-8"?>
<!-- Generated by org.testng.reporters.JUnitXMLReporter -->
<testsuite ignored="0" hostname="DESKTOP-VTAPJ2L" failures="0" tests="4" name="Test" time="0.031" errors="0" timestamp="2022-01-28T13:54:19 PST">
  <testcase classname="ecommerce.AppiumTest" name="iosApp" time="0.0"/>
  <testcase classname="ecommerce.AppiumTest" name="nativeapp" time="0.0"/>
  <testcase classname="ecommerce.SeleniumTest" name="BrowserAutomation" time="0.0"/>
  <testcase classname="ecommerce.SeleniumTest" name="elementui" time="0.0"/>
</testsuite> <!-- Test -->
